0 info it worked if it ends with ok
1 verbose cli [ '/usr/local/bin/node', '/usr/local/bin/npm', 'cache', 'clear' ]
2 info using npm@3.5.3
3 info using node@v5.0.0
4 silly ls normalized .
5 silly gentlyRm /Users/johntan/.npm/registry.npmjs.org is being purged
6 verbose gentlyRm don't care about contents; nuking /Users/johntan/.npm/registry.npmjs.org
7 silly vacuum-fs purging /Users/johntan/.npm/registry.npmjs.org
8 verbose stack Error: EACCES: permission denied, rmdir '/Users/johntan/.npm/registry.npmjs.org/abbrev'
8 verbose stack     at Error (native)
9 verbose cwd /Users/johntan/Desktop/localweather
10 error Darwin 15.2.0
11 error argv "/usr/local/bin/node" "/usr/local/bin/npm" "cache" "clear"
12 error node v5.0.0
13 error npm  v3.5.3
14 error path /Users/johntan/.npm/registry.npmjs.org/abbrev
15 error code EACCES
16 error errno -13
17 error syscall rmdir
18 error Error: EACCES: permission denied, rmdir '/Users/johntan/.npm/registry.npmjs.org/abbrev'
18 error     at Error (native)
18 error  { [Error: EACCES: permission denied, rmdir '/Users/johntan/.npm/registry.npmjs.org/abbrev']
18 error   errno: -13,
18 error   code: 'EACCES',
18 error   syscall: 'rmdir',
18 error   path: '/Users/johntan/.npm/registry.npmjs.org/abbrev' }
19 error Please try running this command again as root/Administrator.
20 verbose exit [ -13, true ]
